<?xml version="1.0" encoding="UTF-8"?>
<!-- Generated by org.testng.reporters.JUnitXMLReporter -->
<testsuite hostname="DESKTOP-BBJASGE" ignored="0" name="Test" tests="4" failures="0" timestamp="14 Jan 2019 18:03:13 GMT" time="219.662" errors="0">
  <testcase name="validateLogin" time="58.185" classname="com.buildiumstaging.demoaccount.buildium.ValidateLogin"/>
  <testcase name="validateReport" time="52.348" classname="com.buildiumstaging.demoaccount.buildium.ReportOperationTest"/>
  <testcase name="validateAddtemplate" time="43.113" classname="com.buildiumstaging.demoaccount.buildium.ValidateAddTemplate"/>
  <testcase name="addPropertyTest" time="65.757" classname="com.buildiumstaging.demoaccount.buildium.ValidateProperty"/>
</testsuite> <!-- Test -->
